<?xml version="1.0" encoding="UTF-8"?>
<testsuite name="login.Login_Test" tests="1" skipped="0" failures="0" errors="0" timestamp="2022-04-11T09:18:18" hostname="DESKTOP-V01NHOK" time="16.269">
  <properties/>
  <testcase name="switchToFrame()" classname="login.Login_Test" time="16.269"/>
  <system-out><![CDATA[2
3
LEFT
MIDDLE
RIGHT
BOTTOM
]]></system-out>
  <system-err><![CDATA[SLF4J: Failed to load class "org.slf4j.impl.StaticLoggerBinder".
SLF4J: Defaulting to no-operation (NOP) logger implementation
SLF4J: See http://www.slf4j.org/codes.html#StaticLoggerBinder for further details.
Starting MSEdgeDriver 100.0.1185.36 (22972d25db820838a94def61dc345b1a7e9c095a) on port 59060
Only local connections are allowed.
Please see https://chromedriver.chromium.org/security-considerations for suggestions on keeping MSEdgeDriver safe.
MSEdgeDriver was started successfully.
Apr 11, 2022 11:18:28 AM org.openqa.selenium.remote.ProtocolHandshake createSession
INFO: Detected dialect: W3C
Apr 11, 2022 11:18:28 AM org.openqa.selenium.devtools.CdpVersionFinder findNearestMatch
WARNING: Unable to find an exact match for CDP version 100, so returning the closest version found: 97
Apr 11, 2022 11:18:28 AM org.openqa.selenium.devtools.CdpVersionFinder findNearestMatch
INFO: Found CDP implementation for version 100 of 97
]]></system-err>
</testsuite>
