<?xml version="1.0" encoding="UTF-8"?>
<testsuite name="login.Login_Test" tests="1" skipped="0" failures="0" errors="0" timestamp="2022-04-11T09:04:56" hostname="DESKTOP-V01NHOK" time="26.273">
  <properties/>
  <testcase name="switchToAlert()" classname="login.Login_Test" time="26.273"/>
  <system-out><![CDATA[]]></system-out>
  <system-err><![CDATA[SLF4J: Failed to load class "org.slf4j.impl.StaticLoggerBinder".
SLF4J: Defaulting to no-operation (NOP) logger implementation
SLF4J: See http://www.slf4j.org/codes.html#StaticLoggerBinder for further details.
1649667903940	geckodriver	INFO	Listening on 127.0.0.1:61588
1649667906361	mozrunner::runner	INFO	Running command: "C:\\Program Files\\Mozilla Firefox\\firefox.exe" "--marionette" "--remote-debugging-port" "65384" "-no-remote" "-profile" "C:\\Users\\Mostafa\\AppData\\Local\\Temp\\rust_mozprofileThC0SG"
1649667908599	Marionette	INFO	Marionette enabled
console.warn: SearchSettings: "get: No settings file exists, new profile?" (new NotFoundError("Could not open the file at C:\\Users\\Mostafa\\AppData\\Local\\Temp\\rust_mozprofileThC0SG\\search.json.mozlz4", (void 0)))
DevTools listening on ws://localhost:65384/devtools/browser/9a91722b-d8ee-494b-a249-4b19ee6ddc82
1649667918642	Marionette	INFO	Listening on port 55312
1649667919072	RemoteAgent	WARN	TLS certificate errors will be ignored for this session
Apr 11, 2022 11:05:19 AM org.openqa.selenium.remote.ProtocolHandshake createSession
INFO: Detected dialect: W3C
]]></system-err>
</testsuite>
